0 info it worked if it ends with ok
1 verbose cli [ '/tmp/ambrosia_nodejs/node/node',
1 verbose cli   '/tmp/ambrosia_nodejs/node/node_modules/npm/bin/npm-cli.js',
1 verbose cli   'install' ]
2 info using npm@2.14.12
3 info using node@v4.2.4
4 verbose readDependencies loading dependencies from /mnt/h/data/dev/src/gvin/ambrosia-ng/package.json
5 error install Couldn't read dependencies
6 verbose stack Error: ENOENT: no such file or directory, open '/mnt/h/data/dev/src/gvin/ambrosia-ng/package.json'
6 verbose stack     at Error (native)
7 verbose cwd /mnt/h/data/dev/src/gvin/ambrosia-ng
8 error Linux 3.4.0+
9 error argv "/tmp/ambrosia_nodejs/node/node" "/tmp/ambrosia_nodejs/node/node_modules/npm/bin/npm-cli.js" "install"
10 error node v4.2.4
11 error npm  v2.14.12
12 error path /mnt/h/data/dev/src/gvin/ambrosia-ng/package.json
13 error code ENOPACKAGEJSON
14 error errno -2
15 error syscall open
16 error package.json ENOENT: no such file or directory, open '/mnt/h/data/dev/src/gvin/ambrosia-ng/package.json'
16 error package.json This is most likely not a problem with npm itself.
16 error package.json npm can't find a package.json file in your current directory.
17 verbose exit [ -2, true ]
